./python_env/bin/django-admin.py
./python_env/django_project/lab7/migrations/__init__.py
./python_env/django_project/lab7/models.py
./python_env/django_project/lab7/__init__.py
./python_env/django_project/lab7/apps.py
./python_env/django_project/lab7/admin.py
./python_env/django_project/lab7/tests.py
./python_env/django_project/lab7/urls.py
./python_env/django_project/lab7/views.py
./python_env/django_project/django_project/__init__.py
./python_env/django_project/django_project/settings.py
./python_env/django_project/django_project/urls.py
./python_env/django_project/django_project/wsgi.py
./python_env/django_project/manage.py
./python_env/lib/python3.6/site-packages/easy_install.py
./python_env/lib/python3.6/site-packages/pytz/tzfile.py
./python_env/lib/python3.6/site-packages/pytz/tzinfo.py
./python_env/lib/python3.6/site-packages/pytz/__init__.py
./python_env/lib/python3.6/site-packages/pytz/reference.py
./python_env/lib/python3.6/site-packages/pytz/exceptions.py
./python_env/lib/python3.6/site-packages/pytz/lazy.py
./python_env/lib/python3.6/site-packages/corsheaders/signals.py
./python_env/lib/python3.6/site-packages/corsheaders/models.py
./python_env/lib/python3.6/site-packages/corsheaders/checks.py
./python_env/lib/python3.6/site-packages/corsheaders/conf.py
./python_env/lib/python3.6/site-packages/corsheaders/__init__.py
./python_env/lib/python3.6/site-packages/corsheaders/defaults.py
./python_env/lib/python3.6/site-packages/corsheaders/middleware.py
./python_env/lib/python3.6/site-packages/pip/baseparser.py
./python_env/lib/python3.6/site-packages/pip/compat/__init__.py
./python_env/lib/python3.6/site-packages/pip/compat/dictconfig.py
./python_env/lib/python3.6/site-packages/pip/index.py
./python_env/lib/python3.6/site-packages/pip/_vendor/__init__.py
./python_env/lib/python3.6/site-packages/pip/cmdoptions.py
./python_env/lib/python3.6/site-packages/pip/download.py
./python_env/lib/python3.6/site-packages/pip/__init__.py
./python_env/lib/python3.6/site-packages/pip/status_codes.py
./python_env/lib/python3.6/site-packages/pip/utils/build.py
./python_env/lib/python3.6/site-packages/pip/utils/logging.py
./python_env/lib/python3.6/site-packages/pip/utils/encoding.py
./python_env/lib/python3.6/site-packages/pip/utils/deprecation.py
./python_env/lib/python3.6/site-packages/pip/utils/ui.py
./python_env/lib/python3.6/site-packages/pip/utils/filesystem.py
./python_env/lib/python3.6/site-packages/pip/utils/__init__.py
./python_env/lib/python3.6/site-packages/pip/utils/appdirs.py
./python_env/lib/python3.6/site-packages/pip/utils/setuptools_build.py
./python_env/lib/python3.6/site-packages/pip/utils/packaging.py
./python_env/lib/python3.6/site-packages/pip/utils/outdated.py
./python_env/lib/python3.6/site-packages/pip/utils/hashes.py
./python_env/lib/python3.6/site-packages/pip/utils/glibc.py
./python_env/lib/python3.6/site-packages/pip/models/index.py
./python_env/lib/python3.6/site-packages/pip/models/__init__.py
./python_env/lib/python3.6/site-packages/pip/operations/check.py
./python_env/lib/python3.6/site-packages/pip/operations/__init__.py
./python_env/lib/python3.6/site-packages/pip/operations/freeze.py
./python_env/lib/python3.6/site-packages/pip/req/req_install.py
./python_env/lib/python3.6/site-packages/pip/req/req_set.py
./python_env/lib/python3.6/site-packages/pip/req/req_uninstall.py
./python_env/lib/python3.6/site-packages/pip/req/__init__.py
./python_env/lib/python3.6/site-packages/pip/req/req_file.py
./python_env/lib/python3.6/site-packages/pip/vcs/git.py
./python_env/lib/python3.6/site-packages/pip/vcs/__init__.py
./python_env/lib/python3.6/site-packages/pip/vcs/mercurial.py
./python_env/lib/python3.6/site-packages/pip/vcs/bazaar.py
./python_env/lib/python3.6/site-packages/pip/vcs/subversion.py
./python_env/lib/python3.6/site-packages/pip/pep425tags.py
./python_env/lib/python3.6/site-packages/pip/exceptions.py
./python_env/lib/python3.6/site-packages/pip/commands/show.py
./python_env/lib/python3.6/site-packages/pip/commands/list.py
./python_env/lib/python3.6/site-packages/pip/commands/check.py
./python_env/lib/python3.6/site-packages/pip/commands/completion.py
./python_env/lib/python3.6/site-packages/pip/commands/download.py
./python_env/lib/python3.6/site-packages/pip/commands/__init__.py
./python_env/lib/python3.6/site-packages/pip/commands/hash.py
./python_env/lib/python3.6/site-packages/pip/commands/uninstall.py
./python_env/lib/python3.6/site-packages/pip/commands/freeze.py
./python_env/lib/python3.6/site-packages/pip/commands/search.py
./python_env/lib/python3.6/site-packages/pip/commands/install.py
./python_env/lib/python3.6/site-packages/pip/commands/help.py
./python_env/lib/python3.6/site-packages/pip/commands/wheel.py
./python_env/lib/python3.6/site-packages/pip/basecommand.py
./python_env/lib/python3.6/site-packages/pip/__main__.py
./python_env/lib/python3.6/site-packages/pip/locations.py
./python_env/lib/python3.6/site-packages/pip/wheel.py
./python_env/lib/python3.6/site-packages/importmagic/index_test.py
./python_env/lib/python3.6/site-packages/importmagic/conftest.py
./python_env/lib/python3.6/site-packages/importmagic/importer.py
./python_env/lib/python3.6/site-packages/importmagic/index.py
./python_env/lib/python3.6/site-packages/importmagic/util.py
./python_env/lib/python3.6/site-packages/importmagic/importer_test.py
./python_env/lib/python3.6/site-packages/importmagic/__init__.py
./python_env/lib/python3.6/site-packages/importmagic/symbols_test.py
./python_env/lib/python3.6/site-packages/importmagic/symbols.py
./python_env/lib/python3.6/site-packages/importmagic/six.py
./python_env/lib/python3.6/site-packages/setuptools/ssl_support.py
./python_env/lib/python3.6/site-packages/setuptools/windows_support.py
./python_env/lib/python3.6/site-packages/setuptools/package_index.py
./python_env/lib/python3.6/site-packages/setuptools/archive_util.py
./python_env/lib/python3.6/site-packages/setuptools/py36compat.py
./python_env/lib/python3.6/site-packages/setuptools/config.py
./python_env/lib/python3.6/site-packages/setuptools/version.py
./python_env/lib/python3.6/site-packages/setuptools/_vendor/packaging/version.py
./python_env/lib/python3.6/site-packages/setuptools/_vendor/packaging/__init__.py
./python_env/lib/python3.6/site-packages/setuptools/_vendor/packaging/utils.py
./python_env/lib/python3.6/site-packages/setuptools/_vendor/packaging/requirements.py
./python_env/lib/python3.6/site-packages/setuptools/_vendor/packaging/_structures.py
./python_env/lib/python3.6/site-packages/setuptools/_vendor/packaging/markers.py
./python_env/lib/python3.6/site-packages/setuptools/_vendor/packaging/__about__.py
./python_env/lib/python3.6/site-packages/setuptools/_vendor/packaging/_compat.py
./python_env/lib/python3.6/site-packages/setuptools/_vendor/packaging/specifiers.py
./python_env/lib/python3.6/site-packages/setuptools/_vendor/__init__.py
./python_env/lib/python3.6/site-packages/setuptools/_vendor/six.py
./python_env/lib/python3.6/site-packages/setuptools/_vendor/pyparsing.py
./python_env/lib/python3.6/site-packages/setuptools/py31compat.py
./python_env/lib/python3.6/site-packages/setuptools/depends.py
./python_env/lib/python3.6/site-packages/setuptools/py27compat.py
./python_env/lib/python3.6/site-packages/setuptools/__init__.py
./python_env/lib/python3.6/site-packages/setuptools/glob.py
./python_env/lib/python3.6/site-packages/setuptools/sandbox.py
./python_env/lib/python3.6/site-packages/setuptools/launch.py
./python_env/lib/python3.6/site-packages/setuptools/extension.py
./python_env/lib/python3.6/site-packages/setuptools/unicode_utils.py
./python_env/lib/python3.6/site-packages/setuptools/monkey.py
./python_env/lib/python3.6/site-packages/setuptools/pep425tags.py
./python_env/lib/python3.6/site-packages/setuptools/build_meta.py
./python_env/lib/python3.6/site-packages/setuptools/dep_util.py
./python_env/lib/python3.6/site-packages/setuptools/command/bdist_egg.py
./python_env/lib/python3.6/site-packages/setuptools/command/alias.py
./python_env/lib/python3.6/site-packages/setuptools/command/py36compat.py
./python_env/lib/python3.6/site-packages/setuptools/command/build_ext.py
./python_env/lib/python3.6/site-packages/setuptools/command/easy_install.py
./python_env/lib/python3.6/site-packages/setuptools/command/install_scripts.py
./python_env/lib/python3.6/site-packages/setuptools/command/upload.py
./python_env/lib/python3.6/site-packages/setuptools/command/register.py
./python_env/lib/python3.6/site-packages/setuptools/command/bdist_wininst.py
./python_env/lib/python3.6/site-packages/setuptools/command/dist_info.py
./python_env/lib/python3.6/site-packages/setuptools/command/install_lib.py
./python_env/lib/python3.6/site-packages/setuptools/command/upload_docs.py
./python_env/lib/python3.6/site-packages/setuptools/command/build_py.py
./python_env/lib/python3.6/site-packages/setuptools/command/__init__.py
./python_env/lib/python3.6/site-packages/setuptools/command/sdist.py
./python_env/lib/python3.6/site-packages/setuptools/command/test.py
./python_env/lib/python3.6/site-packages/setuptools/command/saveopts.py
./python_env/lib/python3.6/site-packages/setuptools/command/bdist_rpm.py
./python_env/lib/python3.6/site-packages/setuptools/command/build_clib.py
./python_env/lib/python3.6/site-packages/setuptools/command/egg_info.py
./python_env/lib/python3.6/site-packages/setuptools/command/install.py
./python_env/lib/python3.6/site-packages/setuptools/command/develop.py
./python_env/lib/python3.6/site-packages/setuptools/command/rotate.py
./python_env/lib/python3.6/site-packages/setuptools/command/install_egg_info.py
./python_env/lib/python3.6/site-packages/setuptools/command/setopt.py
./python_env/lib/python3.6/site-packages/setuptools/site-patch.py
./python_env/lib/python3.6/site-packages/setuptools/msvc.py
./python_env/lib/python3.6/site-packages/setuptools/extern/__init__.py
./python_env/lib/python3.6/site-packages/setuptools/dist.py
./python_env/lib/python3.6/site-packages/setuptools/lib2to3_ex.py
./python_env/lib/python3.6/site-packages/setuptools/glibc.py
./python_env/lib/python3.6/site-packages/setuptools/py33compat.py
./python_env/lib/python3.6/site-packages/setuptools/wheel.py
./python_env/lib/python3.6/site-packages/setuptools/namespaces.py
./python_env/lib/python3.6/site-packages/pkg_resources/_vendor/packaging/version.py
./python_env/lib/python3.6/site-packages/pkg_resources/_vendor/packaging/__init__.py
./python_env/lib/python3.6/site-packages/pkg_resources/_vendor/packaging/utils.py
./python_env/lib/python3.6/site-packages/pkg_resources/_vendor/packaging/requirements.py
./python_env/lib/python3.6/site-packages/pkg_resources/_vendor/packaging/_structures.py
./python_env/lib/python3.6/site-packages/pkg_resources/_vendor/packaging/markers.py
./python_env/lib/python3.6/site-packages/pkg_resources/_vendor/packaging/__about__.py
./python_env/lib/python3.6/site-packages/pkg_resources/_vendor/packaging/_compat.py
./python_env/lib/python3.6/site-packages/pkg_resources/_vendor/packaging/specifiers.py
./python_env/lib/python3.6/site-packages/pkg_resources/_vendor/__init__.py
./python_env/lib/python3.6/site-packages/pkg_resources/_vendor/appdirs.py
./python_env/lib/python3.6/site-packages/pkg_resources/_vendor/six.py
./python_env/lib/python3.6/site-packages/pkg_resources/_vendor/pyparsing.py
./python_env/lib/python3.6/site-packages/pkg_resources/py31compat.py
./python_env/lib/python3.6/site-packages/pkg_resources/__init__.py
./python_env/lib/python3.6/site-packages/pkg_resources/extern/__init__.py
./python_env/lib/python3.6/site-packages/django/templatetags/l10n.py
./python_env/lib/python3.6/site-packages/django/templatetags/tz.py
./python_env/lib/python3.6/site-packages/django/templatetags/cache.py
./python_env/lib/python3.6/site-packages/django/templatetags/__init__.py
./python_env/lib/python3.6/site-packages/django/templatetags/static.py
./python_env/lib/python3.6/site-packages/django/templatetags/i18n.py
./python_env/lib/python3.6/site-packages/django/middleware/clickjacking.py
./python_env/lib/python3.6/site-packages/django/middleware/gzip.py
./python_env/lib/python3.6/site-packages/django/middleware/csrf.py
./python_env/lib/python3.6/site-packages/django/middleware/security.py
./python_env/lib/python3.6/site-packages/django/middleware/cache.py
./python_env/lib/python3.6/site-packages/django/middleware/__init__.py
./python_env/lib/python3.6/site-packages/django/middleware/common.py
./python_env/lib/python3.6/site-packages/django/middleware/http.py
./python_env/lib/python3.6/site-packages/django/middleware/locale.py
./python_env/lib/python3.6/site-packages/django/forms/models.py
./python_env/lib/python3.6/site-packages/django/forms/fields.py
./python_env/lib/python3.6/site-packages/django/forms/boundfield.py
./python_env/lib/python3.6/site-packages/django/forms/__init__.py
./python_env/lib/python3.6/site-packages/django/forms/renderers.py
./python_env/lib/python3.6/site-packages/django/forms/widgets.py
./python_env/lib/python3.6/site-packages/django/forms/formsets.py
./python_env/lib/python3.6/site-packages/django/forms/forms.py
./python_env/lib/python3.6/site-packages/django/forms/utils.py
./python_env/lib/python3.6/site-packages/django/core/signing.py
./python_env/lib/python3.6/site-packages/django/core/signals.py
./python_env/lib/python3.6/site-packages/django/core/cache/backends/memcached.py
./python_env/lib/python3.6/site-packages/django/core/cache/backends/db.py
./python_env/lib/python3.6/site-packages/django/core/cache/backends/filebased.py
./python_env/lib/python3.6/site-packages/django/core/cache/backends/__init__.py
./python_env/lib/python3.6/site-packages/django/core/cache/backends/dummy.py
./python_env/lib/python3.6/site-packages/django/core/cache/backends/base.py
./python_env/lib/python3.6/site-packages/django/core/cache/backends/locmem.py
./python_env/lib/python3.6/site-packages/django/core/cache/__init__.py
./python_env/lib/python3.6/site-packages/django/core/cache/utils.py
./python_env/lib/python3.6/site-packages/django/core/mail/backends/console.py
./python_env/lib/python3.6/site-packages/django/core/mail/backends/filebased.py
./python_env/lib/python3.6/site-packages/django/core/mail/backends/__init__.py
./python_env/lib/python3.6/site-packages/django/core/mail/backends/smtp.py
./python_env/lib/python3.6/site-packages/django/core/mail/backends/dummy.py
./python_env/lib/python3.6/site-packages/django/core/mail/backends/base.py
./python_env/lib/python3.6/site-packages/django/core/mail/backends/locmem.py
./python_env/lib/python3.6/site-packages/django/core/mail/__init__.py
./python_env/lib/python3.6/site-packages/django/core/mail/message.py
./python_env/lib/python3.6/site-packages/django/core/mail/utils.py
./python_env/lib/python3.6/site-packages/django/core/checks/compatibility/__init__.py
./python_env/lib/python3.6/site-packages/django/core/checks/caches.py
./python_env/lib/python3.6/site-packages/django/core/checks/security/sessions.py
./python_env/lib/python3.6/site-packages/django/core/checks/security/csrf.py
./python_env/lib/python3.6/site-packages/django/core/checks/security/__init__.py
./python_env/lib/python3.6/site-packages/django/core/checks/security/base.py
./python_env/lib/python3.6/site-packages/django/core/checks/registry.py
./python_env/lib/python3.6/site-packages/django/core/checks/model_checks.py
./python_env/lib/python3.6/site-packages/django/core/checks/database.py
./python_env/lib/python3.6/site-packages/django/core/checks/__init__.py
./python_env/lib/python3.6/site-packages/django/core/checks/templates.py
./python_env/lib/python3.6/site-packages/django/core/checks/messages.py
./python_env/lib/python3.6/site-packages/django/core/checks/urls.py
./python_env/lib/python3.6/site-packages/django/core/validators.py
./python_env/lib/python3.6/site-packages/django/core/management/color.py
./python_env/lib/python3.6/site-packages/django/core/management/__init__.py
./python_env/lib/python3.6/site-packages/django/core/management/templates.py
./python_env/lib/python3.6/site-packages/django/core/management/utils.py
./python_env/lib/python3.6/site-packages/django/core/management/commands/createcachetable.py
./python_env/lib/python3.6/site-packages/django/core/management/commands/inspectdb.py
./python_env/lib/python3.6/site-packages/django/core/management/commands/squashmigrations.py
./python_env/lib/python3.6/site-packages/django/core/management/commands/check.py
./python_env/lib/python3.6/site-packages/django/core/management/commands/startapp.py
./python_env/lib/python3.6/site-packages/django/core/management/commands/sqlmigrate.py
./python_env/lib/python3.6/site-packages/django/core/management/commands/makemigrations.py
./python_env/lib/python3.6/site-packages/django/core/management/commands/sqlflush.py
./python_env/lib/python3.6/site-packages/django/core/management/commands/makemessages.py
./python_env/lib/python3.6/site-packages/django/core/management/commands/shell.py
./python_env/lib/python3.6/site-packages/django/core/management/commands/dumpdata.py
./python_env/lib/python3.6/site-packages/django/core/management/commands/test.py
./python_env/lib/python3.6/site-packages/django/core/management/commands/flush.py
./python_env/lib/python3.6/site-packages/django/core/management/commands/loaddata.py
./python_env/lib/python3.6/site-packages/django/core/management/commands/runserver.py
./python_env/lib/python3.6/site-packages/django/core/management/commands/showmigrations.py
./python_env/lib/python3.6/site-packages/django/core/management/commands/sqlsequencereset.py
./python_env/lib/python3.6/site-packages/django/core/management/commands/dbshell.py
./python_env/lib/python3.6/site-packages/django/core/management/commands/sendtestemail.py
./python_env/lib/python3.6/site-packages/django/core/management/commands/startproject.py
./python_env/lib/python3.6/site-packages/django/core/management/commands/migrate.py
./python_env/lib/python3.6/site-packages/django/core/management/commands/compilemessages.py
./python_env/lib/python3.6/site-packages/django/core/management/commands/diffsettings.py
./python_env/lib/python3.6/site-packages/django/core/management/commands/testserver.py
./python_env/lib/python3.6/site-packages/django/core/management/sql.py
./python_env/lib/python3.6/site-packages/django/core/management/base.py
./python_env/lib/python3.6/site-packages/django/core/__init__.py
./python_env/lib/python3.6/site-packages/django/core/serializers/pyyaml.py
./python_env/lib/python3.6/site-packages/django/core/serializers/__init__.py
./python_env/lib/python3.6/site-packages/django/core/serializers/xml_serializer.py
./python_env/lib/python3.6/site-packages/django/core/serializers/python.py
./python_env/lib/python3.6/site-packages/django/core/serializers/json.py
./python_env/lib/python3.6/site-packages/django/core/serializers/base.py
./python_env/lib/python3.6/site-packages/django/core/paginator.py
./python_env/lib/python3.6/site-packages/django/core/files/locks.py
./python_env/lib/python3.6/site-packages/django/core/files/__init__.py
./python_env/lib/python3.6/site-packages/django/core/files/uploadhandler.py
./python_env/lib/python3.6/site-packages/django/core/files/utils.py
./python_env/lib/python3.6/site-packages/django/core/files/uploadedfile.py
./python_env/lib/python3.6/site-packages/django/core/files/temp.py
./python_env/lib/python3.6/site-packages/django/core/files/storage.py
./python_env/lib/python3.6/site-packages/django/core/files/images.py
./python_env/lib/python3.6/site-packages/django/core/files/move.py
./python_env/lib/python3.6/site-packages/django/core/files/base.py
./python_env/lib/python3.6/site-packages/django/core/exceptions.py
./python_env/lib/python3.6/site-packages/django/core/handlers/exception.py
./python_env/lib/python3.6/site-packages/django/core/handlers/__init__.py
./python_env/lib/python3.6/site-packages/django/core/handlers/base.py
./python_env/lib/python3.6/site-packages/django/core/handlers/wsgi.py
./python_env/lib/python3.6/site-packages/django/core/servers/__init__.py
./python_env/lib/python3.6/site-packages/django/core/servers/basehttp.py
./python_env/lib/python3.6/site-packages/django/core/wsgi.py
./python_env/lib/python3.6/site-packages/django/test/signals.py
./python_env/lib/python3.6/site-packages/django/test/runner.py
./python_env/lib/python3.6/site-packages/django/test/client.py
./python_env/lib/python3.6/site-packages/django/test/html.py
./python_env/lib/python3.6/site-packages/django/test/__init__.py
./python_env/lib/python3.6/site-packages/django/test/selenium.py
./python_env/lib/python3.6/site-packages/django/test/utils.py
./python_env/lib/python3.6/site-packages/django/test/testcases.py
./python_env/lib/python3.6/site-packages/django/bin/django-admin.py
./python_env/lib/python3.6/site-packages/django/shortcuts.py
./python_env/lib/python3.6/site-packages/django/dispatch/dispatcher.py
./python_env/lib/python3.6/site-packages/django/dispatch/__init__.py
./python_env/lib/python3.6/site-packages/django/template/library.py
./python_env/lib/python3.6/site-packages/django/template/backends/django.py
./python_env/lib/python3.6/site-packages/django/template/backends/jinja2.py
./python_env/lib/python3.6/site-packages/django/template/backends/__init__.py
./python_env/lib/python3.6/site-packages/django/template/backends/utils.py
./python_env/lib/python3.6/site-packages/django/template/backends/dummy.py
./python_env/lib/python3.6/site-packages/django/template/backends/base.py
./python_env/lib/python3.6/site-packages/django/template/__init__.py
./python_env/lib/python3.6/site-packages/django/template/response.py
./python_env/lib/python3.6/site-packages/django/template/smartif.py
./python_env/lib/python3.6/site-packages/django/template/context_processors.py
./python_env/lib/python3.6/site-packages/django/template/defaultfilters.py
./python_env/lib/python3.6/site-packages/django/template/engine.py
./python_env/lib/python3.6/site-packages/django/template/context.py
./python_env/lib/python3.6/site-packages/django/template/utils.py
./python_env/lib/python3.6/site-packages/django/template/loader.py
./python_env/lib/python3.6/site-packages/django/template/loader_tags.py
./python_env/lib/python3.6/site-packages/django/template/exceptions.py
./python_env/lib/python3.6/site-packages/django/template/loaders/filesystem.py
./python_env/lib/python3.6/site-packages/django/template/loaders/__init__.py
./python_env/lib/python3.6/site-packages/django/template/loaders/cached.py
./python_env/lib/python3.6/site-packages/django/template/loaders/app_directories.py
./python_env/lib/python3.6/site-packages/django/template/loaders/base.py
./python_env/lib/python3.6/site-packages/django/template/loaders/locmem.py
./python_env/lib/python3.6/site-packages/django/template/base.py
./python_env/lib/python3.6/site-packages/django/template/defaulttags.py
./python_env/lib/python3.6/site-packages/django/__init__.py
./python_env/lib/python3.6/site-packages/django/utils/_os.py
./python_env/lib/python3.6/site-packages/django/utils/termcolors.py
./python_env/lib/python3.6/site-packages/django/utils/lru_cache.py
./python_env/lib/python3.6/site-packages/django/utils/tree.py
./python_env/lib/python3.6/site-packages/django/utils/hashable.py
./python_env/lib/python3.6/site-packages/django/utils/version.py
./python_env/lib/python3.6/site-packages/django/utils/encoding.py
./python_env/lib/python3.6/site-packages/django/utils/jslex.py
./python_env/lib/python3.6/site-packages/django/utils/translation/trans_real.py
./python_env/lib/python3.6/site-packages/django/utils/translation/trans_null.py
./python_env/lib/python3.6/site-packages/django/utils/translation/__init__.py
./python_env/lib/python3.6/site-packages/django/utils/translation/template.py
./python_env/lib/python3.6/site-packages/django/utils/log.py
./python_env/lib/python3.6/site-packages/django/utils/deprecation.py
./python_env/lib/python3.6/site-packages/django/utils/timesince.py
./python_env/lib/python3.6/site-packages/django/utils/numberformat.py
./python_env/lib/python3.6/site-packages/django/utils/html.py
./python_env/lib/python3.6/site-packages/django/utils/duration.py
./python_env/lib/python3.6/site-packages/django/utils/cache.py
./python_env/lib/python3.6/site-packages/django/utils/__init__.py
./python_env/lib/python3.6/site-packages/django/utils/deconstruct.py
./python_env/lib/python3.6/site-packages/django/utils/datetime_safe.py
./python_env/lib/python3.6/site-packages/django/utils/inspect.py
./python_env/lib/python3.6/site-packages/django/utils/functional.py
./python_env/lib/python3.6/site-packages/django/utils/crypto.py
./python_env/lib/python3.6/site-packages/django/utils/lorem_ipsum.py
./python_env/lib/python3.6/site-packages/django/utils/regex_helper.py
./python_env/lib/python3.6/site-packages/django/utils/http.py
./python_env/lib/python3.6/site-packages/django/utils/formats.py
./python_env/lib/python3.6/site-packages/django/utils/baseconv.py
./python_env/lib/python3.6/site-packages/django/utils/text.py
./python_env/lib/python3.6/site-packages/django/utils/six.py
./python_env/lib/python3.6/site-packages/django/utils/archive.py
./python_env/lib/python3.6/site-packages/django/utils/safestring.py
./python_env/lib/python3.6/site-packages/django/utils/dates.py
./python_env/lib/python3.6/site-packages/django/utils/feedgenerator.py
./python_env/lib/python3.6/site-packages/django/utils/autoreload.py
./python_env/lib/python3.6/site-packages/django/utils/datastructures.py
./python_env/lib/python3.6/site-packages/django/utils/dateformat.py
./python_env/lib/python3.6/site-packages/django/utils/timezone.py
./python_env/lib/python3.6/site-packages/django/utils/ipv6.py
./python_env/lib/python3.6/site-packages/django/utils/module_loading.py
./python_env/lib/python3.6/site-packages/django/utils/dateparse.py
./python_env/lib/python3.6/site-packages/django/utils/itercompat.py
./python_env/lib/python3.6/site-packages/django/utils/xmlutils.py
./python_env/lib/python3.6/site-packages/django/utils/decorators.py
./python_env/lib/python3.6/site-packages/django/contrib/syndication/__init__.py
./python_env/lib/python3.6/site-packages/django/contrib/syndication/apps.py
./python_env/lib/python3.6/site-packages/django/contrib/syndication/views.py
./python_env/lib/python3.6/site-packages/django/contrib/messages/constants.py
./python_env/lib/python3.6/site-packages/django/contrib/messages/__init__.py
./python_env/lib/python3.6/site-packages/django/contrib/messages/apps.py
./python_env/lib/python3.6/site-packages/django/contrib/messages/storage/session.py
./python_env/lib/python3.6/site-packages/django/contrib/messages/storage/__init__.py
./python_env/lib/python3.6/site-packages/django/contrib/messages/storage/cookie.py
./python_env/lib/python3.6/site-packages/django/contrib/messages/storage/fallback.py
./python_env/lib/python3.6/site-packages/django/contrib/messages/storage/base.py
./python_env/lib/python3.6/site-packages/django/contrib/messages/api.py
./python_env/lib/python3.6/site-packages/django/contrib/messages/context_processors.py
./python_env/lib/python3.6/site-packages/django/contrib/messages/utils.py
./python_env/lib/python3.6/site-packages/django/contrib/messages/middleware.py
./python_env/lib/python3.6/site-packages/django/contrib/messages/views.py
./python_env/lib/python3.6/site-packages/django/contrib/auth/signals.py
./python_env/lib/python3.6/site-packages/django/contrib/auth/migrations/0004_alter_user_username_opts.py
./python_env/lib/python3.6/site-packages/django/contrib/auth/migrations/__init__.py
./python_env/lib/python3.6/site-packages/django/contrib/auth/migrations/0005_alter_user_last_login_null.py
./python_env/lib/python3.6/site-packages/django/contrib/auth/migrations/0009_alter_user_last_name_max_length.py
./python_env/lib/python3.6/site-packages/django/contrib/auth/migrations/0003_alter_user_email_max_length.py
./python_env/lib/python3.6/site-packages/django/contrib/auth/migrations/0007_alter_validators_add_error_messages.py
./python_env/lib/python3.6/site-packages/django/contrib/auth/migrations/0006_require_contenttypes_0002.py
./python_env/lib/python3.6/site-packages/django/contrib/auth/migrations/0002_alter_permission_name_max_length.py
./python_env/lib/python3.6/site-packages/django/contrib/auth/migrations/0001_initial.py
./python_env/lib/python3.6/site-packages/django/contrib/auth/migrations/0008_alter_user_username_max_length.py
./python_env/lib/python3.6/site-packages/django/contrib/auth/mixins.py
./python_env/lib/python3.6/site-packages/django/contrib/auth/password_validation.py
./python_env/lib/python3.6/site-packages/django/contrib/auth/models.py
./python_env/lib/python3.6/site-packages/django/contrib/auth/validators.py
./python_env/lib/python3.6/site-packages/django/contrib/auth/checks.py
./python_env/lib/python3.6/site-packages/django/contrib/auth/management/__init__.py
./python_env/lib/python3.6/site-packages/django/contrib/auth/management/commands/createsuperuser.py
./python_env/lib/python3.6/site-packages/django/contrib/auth/management/commands/changepassword.py
./python_env/lib/python3.6/site-packages/django/contrib/auth/base_user.py
./python_env/lib/python3.6/site-packages/django/contrib/auth/__init__.py
./python_env/lib/python3.6/site-packages/django/contrib/auth/tokens.py
./python_env/lib/python3.6/site-packages/django/contrib/auth/apps.py
./python_env/lib/python3.6/site-packages/django/contrib/auth/forms.py
./python_env/lib/python3.6/site-packages/django/contrib/auth/backends.py
./python_env/lib/python3.6/site-packages/django/contrib/auth/context_processors.py
./python_env/lib/python3.6/site-packages/django/contrib/auth/admin.py
./python_env/lib/python3.6/site-packages/django/contrib/auth/hashers.py
./python_env/lib/python3.6/site-packages/django/contrib/auth/urls.py
./python_env/lib/python3.6/site-packages/django/contrib/auth/handlers/modwsgi.py
./python_env/lib/python3.6/site-packages/django/contrib/auth/handlers/__init__.py
./python_env/lib/python3.6/site-packages/django/contrib/auth/middleware.py
./python_env/lib/python3.6/site-packages/django/contrib/auth/views.py
./python_env/lib/python3.6/site-packages/django/contrib/auth/decorators.py
./python_env/lib/python3.6/site-packages/django/contrib/admin/templatetags/admin_list.py
./python_env/lib/python3.6/site-packages/django/contrib/admin/templatetags/log.py
./python_env/lib/python3.6/site-packages/django/contrib/admin/templatetags/__init__.py
./python_env/lib/python3.6/site-packages/django/contrib/admin/templatetags/admin_modify.py
./python_env/lib/python3.6/site-packages/django/contrib/admin/templatetags/admin_static.py
./python_env/lib/python3.6/site-packages/django/contrib/admin/templatetags/base.py
./python_env/lib/python3.6/site-packages/django/contrib/admin/templatetags/admin_urls.py
./python_env/lib/python3.6/site-packages/django/contrib/admin/options.py
./python_env/lib/python3.6/site-packages/django/contrib/admin/migrations/0002_logentry_remove_auto_add.py
./python_env/lib/python3.6/site-packages/django/contrib/admin/migrations/0003_logentry_add_action_flag_choices.py
./python_env/lib/python3.6/site-packages/django/contrib/admin/migrations/__init__.py
./python_env/lib/python3.6/site-packages/django/contrib/admin/migrations/0001_initial.py
./python_env/lib/python3.6/site-packages/django/contrib/admin/models.py
./python_env/lib/python3.6/site-packages/django/contrib/admin/checks.py
./python_env/lib/python3.6/site-packages/django/contrib/admin/actions.py
./python_env/lib/python3.6/site-packages/django/contrib/admin/__init__.py
./python_env/lib/python3.6/site-packages/django/contrib/admin/apps.py
./python_env/lib/python3.6/site-packages/django/contrib/admin/widgets.py
./python_env/lib/python3.6/site-packages/django/contrib/admin/forms.py
./python_env/lib/python3.6/site-packages/django/contrib/admin/utils.py
./python_env/lib/python3.6/site-packages/django/contrib/admin/sites.py
./python_env/lib/python3.6/site-packages/django/contrib/admin/exceptions.py
./python_env/lib/python3.6/site-packages/django/contrib/admin/tests.py
./python_env/lib/python3.6/site-packages/django/contrib/admin/views/__init__.py
./python_env/lib/python3.6/site-packages/django/contrib/admin/views/autocomplete.py
./python_env/lib/python3.6/site-packages/django/contrib/admin/views/main.py
./python_env/lib/python3.6/site-packages/django/contrib/admin/views/decorators.py
./python_env/lib/python3.6/site-packages/django/contrib/admin/helpers.py
./python_env/lib/python3.6/site-packages/django/contrib/admin/filters.py
./python_env/lib/python3.6/site-packages/django/contrib/admin/decorators.py
./python_env/lib/python3.6/site-packages/django/contrib/__init__.py
./python_env/lib/python3.6/site-packages/django/contrib/staticfiles/templatetags/__init__.py
./python_env/lib/python3.6/site-packages/django/contrib/staticfiles/templatetags/staticfiles.py
./python_env/lib/python3.6/site-packages/django/contrib/staticfiles/finders.py
./python_env/lib/python3.6/site-packages/django/contrib/staticfiles/checks.py
./python_env/lib/python3.6/site-packages/django/contrib/staticfiles/management/commands/findstatic.py
./python_env/lib/python3.6/site-packages/django/contrib/staticfiles/management/commands/runserver.py
./python_env/lib/python3.6/site-packages/django/contrib/staticfiles/management/commands/collectstatic.py
./python_env/lib/python3.6/site-packages/django/contrib/staticfiles/handlers.py
./python_env/lib/python3.6/site-packages/django/contrib/staticfiles/__init__.py
./python_env/lib/python3.6/site-packages/django/contrib/staticfiles/apps.py
./python_env/lib/python3.6/site-packages/django/contrib/staticfiles/utils.py
./python_env/lib/python3.6/site-packages/django/contrib/staticfiles/storage.py
./python_env/lib/python3.6/site-packages/django/contrib/staticfiles/testing.py
./python_env/lib/python3.6/site-packages/django/contrib/staticfiles/urls.py
./python_env/lib/python3.6/site-packages/django/contrib/staticfiles/views.py
./python_env/lib/python3.6/site-packages/django/contrib/flatpages/templatetags/flatpages.py
./python_env/lib/python3.6/site-packages/django/contrib/flatpages/templatetags/__init__.py
./python_env/lib/python3.6/site-packages/django/contrib/flatpages/migrations/__init__.py
./python_env/lib/python3.6/site-packages/django/contrib/flatpages/migrations/0001_initial.py
./python_env/lib/python3.6/site-packages/django/contrib/flatpages/models.py
./python_env/lib/python3.6/site-packages/django/contrib/flatpages/__init__.py
./python_env/lib/python3.6/site-packages/django/contrib/flatpages/apps.py
./python_env/lib/python3.6/site-packages/django/contrib/flatpages/forms.py
./python_env/lib/python3.6/site-packages/django/contrib/flatpages/admin.py
./python_env/lib/python3.6/site-packages/django/contrib/flatpages/urls.py
./python_env/lib/python3.6/site-packages/django/contrib/flatpages/sitemaps.py
./python_env/lib/python3.6/site-packages/django/contrib/flatpages/middleware.py
./python_env/lib/python3.6/site-packages/django/contrib/flatpages/views.py
./python_env/lib/python3.6/site-packages/django/contrib/sites/migrations/__init__.py
./python_env/lib/python3.6/site-packages/django/contrib/sites/migrations/0002_alter_domain_unique.py
./python_env/lib/python3.6/site-packages/django/contrib/sites/migrations/0001_initial.py
./python_env/lib/python3.6/site-packages/django/contrib/sites/models.py
./python_env/lib/python3.6/site-packages/django/contrib/sites/shortcuts.py
./python_env/lib/python3.6/site-packages/django/contrib/sites/__init__.py
./python_env/lib/python3.6/site-packages/django/contrib/sites/apps.py
./python_env/lib/python3.6/site-packages/django/contrib/sites/admin.py
./python_env/lib/python3.6/site-packages/django/contrib/sites/management.py
./python_env/lib/python3.6/site-packages/django/contrib/sites/requests.py
./python_env/lib/python3.6/site-packages/django/contrib/sites/middleware.py
./python_env/lib/python3.6/site-packages/django/contrib/sites/managers.py
./python_env/lib/python3.6/site-packages/django/contrib/postgres/functions.py
./python_env/lib/python3.6/site-packages/django/contrib/postgres/signals.py
./python_env/lib/python3.6/site-packages/django/contrib/postgres/forms/__init__.py
./python_env/lib/python3.6/site-packages/django/contrib/postgres/forms/ranges.py
./python_env/lib/python3.6/site-packages/django/contrib/postgres/forms/jsonb.py
./python_env/lib/python3.6/site-packages/django/contrib/postgres/forms/array.py
./python_env/lib/python3.6/site-packages/django/contrib/postgres/forms/hstore.py
./python_env/lib/python3.6/site-packages/django/contrib/postgres/aggregates/__init__.py
./python_env/lib/python3.6/site-packages/django/contrib/postgres/aggregates/statistics.py
./python_env/lib/python3.6/site-packages/django/contrib/postgres/aggregates/general.py
./python_env/lib/python3.6/site-packages/django/contrib/postgres/validators.py
./python_env/lib/python3.6/site-packages/django/contrib/postgres/__init__.py
./python_env/lib/python3.6/site-packages/django/contrib/postgres/lookups.py
./python_env/lib/python3.6/site-packages/django/contrib/postgres/apps.py
./python_env/lib/python3.6/site-packages/django/contrib/postgres/operations.py
./python_env/lib/python3.6/site-packages/django/contrib/postgres/indexes.py
./python_env/lib/python3.6/site-packages/django/contrib/postgres/utils.py
./python_env/lib/python3.6/site-packages/django/contrib/postgres/search.py
./python_env/lib/python3.6/site-packages/django/contrib/postgres/fields/mixins.py
./python_env/lib/python3.6/site-packages/django/contrib/postgres/fields/__init__.py
./python_env/lib/python3.6/site-packages/django/contrib/postgres/fields/citext.py
./python_env/lib/python3.6/site-packages/django/contrib/postgres/fields/ranges.py
./python_env/lib/python3.6/site-packages/django/contrib/postgres/fields/utils.py
./python_env/lib/python3.6/site-packages/django/contrib/postgres/fields/jsonb.py
./python_env/lib/python3.6/site-packages/django/contrib/postgres/fields/array.py
./python_env/lib/python3.6/site-packages/django/contrib/postgres/fields/hstore.py
./python_env/lib/python3.6/site-packages/django/contrib/redirects/migrations/__init__.py
./python_env/lib/python3.6/site-packages/django/contrib/redirects/migrations/0001_initial.py
./python_env/lib/python3.6/site-packages/django/contrib/redirects/models.py
./python_env/lib/python3.6/site-packages/django/contrib/redirects/__init__.py
./python_env/lib/python3.6/site-packages/django/contrib/redirects/apps.py
./python_env/lib/python3.6/site-packages/django/contrib/redirects/admin.py
./python_env/lib/python3.6/site-packages/django/contrib/redirects/middleware.py
./python_env/lib/python3.6/site-packages/django/contrib/sessions/migrations/__init__.py
./python_env/lib/python3.6/site-packages/django/contrib/sessions/migrations/0001_initial.py
./python_env/lib/python3.6/site-packages/django/contrib/sessions/models.py
./python_env/lib/python3.6/site-packages/django/contrib/sessions/backends/signed_cookies.py
./python_env/lib/python3.6/site-packages/django/contrib/sessions/backends/db.py
./python_env/lib/python3.6/site-packages/django/contrib/sessions/backends/cached_db.py
./python_env/lib/python3.6/site-packages/django/contrib/sessions/backends/cache.py
./python_env/lib/python3.6/site-packages/django/contrib/sessions/backends/__init__.py
./python_env/lib/python3.6/site-packages/django/contrib/sessions/backends/file.py
./python_env/lib/python3.6/site-packages/django/contrib/sessions/backends/base.py
./python_env/lib/python3.6/site-packages/django/contrib/sessions/serializers.py
./python_env/lib/python3.6/site-packages/django/contrib/sessions/management/commands/clearsessions.py
./python_env/lib/python3.6/site-packages/django/contrib/sessions/__init__.py
./python_env/lib/python3.6/site-packages/django/contrib/sessions/apps.py
./python_env/lib/python3.6/site-packages/django/contrib/sessions/exceptions.py
./python_env/lib/python3.6/site-packages/django/contrib/sessions/base_session.py
./python_env/lib/python3.6/site-packages/django/contrib/sessions/middleware.py
./python_env/lib/python3.6/site-packages/django/contrib/sitemaps/management/commands/ping_google.py
./python_env/lib/python3.6/site-packages/django/contrib/sitemaps/__init__.py
./python_env/lib/python3.6/site-packages/django/contrib/sitemaps/apps.py
./python_env/lib/python3.6/site-packages/django/contrib/sitemaps/views.py
./python_env/lib/python3.6/site-packages/django/contrib/humanize/templatetags/__init__.py
./python_env/lib/python3.6/site-packages/django/contrib/humanize/templatetags/humanize.py
./python_env/lib/python3.6/site-packages/django/contrib/humanize/__init__.py
./python_env/lib/python3.6/site-packages/django/contrib/humanize/apps.py
./python_env/lib/python3.6/site-packages/django/contrib/contenttypes/migrations/0002_remove_content_type_name.py
./python_env/lib/python3.6/site-packages/django/contrib/contenttypes/migrations/__init__.py
./python_env/lib/python3.6/site-packages/django/contrib/contenttypes/migrations/0001_initial.py
./python_env/lib/python3.6/site-packages/django/contrib/contenttypes/models.py
./python_env/lib/python3.6/site-packages/django/contrib/contenttypes/fields.py
./python_env/lib/python3.6/site-packages/django/contrib/contenttypes/checks.py
./python_env/lib/python3.6/site-packages/django/contrib/contenttypes/management/__init__.py
./python_env/lib/python3.6/site-packages/django/contrib/contenttypes/management/commands/remove_stale_contenttypes.py
./python_env/lib/python3.6/site-packages/django/contrib/contenttypes/__init__.py
./python_env/lib/python3.6/site-packages/django/contrib/contenttypes/apps.py
./python_env/lib/python3.6/site-packages/django/contrib/contenttypes/forms.py
./python_env/lib/python3.6/site-packages/django/contrib/contenttypes/admin.py
./python_env/lib/python3.6/site-packages/django/contrib/contenttypes/views.py
./python_env/lib/python3.6/site-packages/django/contrib/gis/geos/mutable_list.py
./python_env/lib/python3.6/site-packages/django/contrib/gis/geos/error.py
./python_env/lib/python3.6/site-packages/django/contrib/gis/geos/prepared.py
./python_env/lib/python3.6/site-packages/django/contrib/gis/geos/polygon.py
./python_env/lib/python3.6/site-packages/django/contrib/gis/geos/io.py
./python_env/lib/python3.6/site-packages/django/contrib/gis/geos/linestring.py
./python_env/lib/python3.6/site-packages/django/contrib/gis/geos/__init__.py
./python_env/lib/python3.6/site-packages/django/contrib/gis/geos/factory.py
./python_env/lib/python3.6/site-packages/django/contrib/gis/geos/coordseq.py
./python_env/lib/python3.6/site-packages/django/contrib/gis/geos/point.py
./python_env/lib/python3.6/site-packages/django/contrib/gis/geos/prototypes/misc.py
./python_env/lib/python3.6/site-packages/django/contrib/gis/geos/prototypes/predicates.py
./python_env/lib/python3.6/site-packages/django/contrib/gis/geos/prototypes/prepared.py
./python_env/lib/python3.6/site-packages/django/contrib/gis/geos/prototypes/geom.py
./python_env/lib/python3.6/site-packages/django/contrib/gis/geos/prototypes/io.py
./python_env/lib/python3.6/site-packages/django/contrib/gis/geos/prototypes/__init__.py
./python_env/lib/python3.6/site-packages/django/contrib/gis/geos/prototypes/coordseq.py
./python_env/lib/python3.6/site-packages/django/contrib/gis/geos/prototypes/topology.py
./python_env/lib/python3.6/site-packages/django/contrib/gis/geos/prototypes/threadsafe.py
./python_env/lib/python3.6/site-packages/django/contrib/gis/geos/prototypes/errcheck.py
./python_env/lib/python3.6/site-packages/django/contrib/gis/geos/collections.py
./python_env/lib/python3.6/site-packages/django/contrib/gis/geos/geometry.py
./python_env/lib/python3.6/site-packages/django/contrib/gis/geos/libgeos.py
./python_env/lib/python3.6/site-packages/django/contrib/gis/geos/base.py
./python_env/lib/python3.6/site-packages/django/contrib/gis/measure.py
./python_env/lib/python3.6/site-packages/django/contrib/gis/forms/fields.py
./python_env/lib/python3.6/site-packages/django/contrib/gis/forms/__init__.py
./python_env/lib/python3.6/site-packages/django/contrib/gis/forms/widgets.py
./python_env/lib/python3.6/site-packages/django/contrib/gis/gdal/field.py
./python_env/lib/python3.6/site-packages/django/contrib/gis/gdal/srs.py
./python_env/lib/python3.6/site-packages/django/contrib/gis/gdal/error.py
./python_env/lib/python3.6/site-packages/django/contrib/gis/gdal/geomtype.py
./python_env/lib/python3.6/site-packages/django/contrib/gis/gdal/__init__.py
./python_env/lib/python3.6/site-packages/django/contrib/gis/gdal/feature.py
./python_env/lib/python3.6/site-packages/django/contrib/gis/gdal/datasource.py
./python_env/lib/python3.6/site-packages/django/contrib/gis/gdal/prototypes/srs.py
./python_env/lib/python3.6/site-packages/django/contrib/gis/gdal/prototypes/generation.py
./python_env/lib/python3.6/site-packages/django/contrib/gis/gdal/prototypes/geom.py
./python_env/lib/python3.6/site-packages/django/contrib/gis/gdal/prototypes/__init__.py
./python_env/lib/python3.6/site-packages/django/contrib/gis/gdal/prototypes/ds.py
./python_env/lib/python3.6/site-packages/django/contrib/gis/gdal/prototypes/raster.py
./python_env/lib/python3.6/site-packages/django/contrib/gis/gdal/prototypes/errcheck.py
./python_env/lib/python3.6/site-packages/django/contrib/gis/gdal/layer.py
./python_env/lib/python3.6/site-packages/django/contrib/gis/gdal/raster/band.py
./python_env/lib/python3.6/site-packages/django/contrib/gis/gdal/raster/__init__.py
./python_env/lib/python3.6/site-packages/django/contrib/gis/gdal/raster/source.py
./python_env/lib/python3.6/site-packages/django/contrib/gis/gdal/raster/base.py
./python_env/lib/python3.6/site-packages/django/contrib/gis/gdal/raster/const.py
./python_env/lib/python3.6/site-packages/django/contrib/gis/gdal/driver.py
./python_env/lib/python3.6/site-packages/django/contrib/gis/gdal/geometries.py
./python_env/lib/python3.6/site-packages/django/contrib/gis/gdal/base.py
./python_env/lib/python3.6/site-packages/django/contrib/gis/gdal/libgdal.py
./python_env/lib/python3.6/site-packages/django/contrib/gis/gdal/envelope.py
./python_env/lib/python3.6/site-packages/django/contrib/gis/shortcuts.py
./python_env/lib/python3.6/site-packages/django/contrib/gis/feeds.py
./python_env/lib/python3.6/site-packages/django/contrib/gis/admin/options.py
./python_env/lib/python3.6/site-packages/django/contrib/gis/admin/__init__.py
./python_env/lib/python3.6/site-packages/django/contrib/gis/admin/widgets.py
./python_env/lib/python3.6/site-packages/django/contrib/gis/management/commands/inspectdb.py
./python_env/lib/python3.6/site-packages/django/contrib/gis/management/commands/ogrinspect.py
./python_env/lib/python3.6/site-packages/django/contrib/gis/__init__.py
./python_env/lib/python3.6/site-packages/django/contrib/gis/utils/srs.py
./python_env/lib/python3.6/site-packages/django/contrib/gis/utils/ogrinspect.py
./python_env/lib/python3.6/site-packages/django/contrib/gis/utils/__init__.py
./python_env/lib/python3.6/site-packages/django/contrib/gis/utils/layermapping.py
./python_env/lib/python3.6/site-packages/django/contrib/gis/utils/ogrinfo.py
./python_env/lib/python3.6/site-packages/django/contrib/gis/apps.py
./python_env/lib/python3.6/site-packages/django/contrib/gis/serializers/__init__.py
./python_env/lib/python3.6/site-packages/django/contrib/gis/serializers/geojson.py
./python_env/lib/python3.6/site-packages/django/contrib/gis/sitemaps/kml.py
./python_env/lib/python3.6/site-packages/django/contrib/gis/sitemaps/__init__.py
./python_env/lib/python3.6/site-packages/django/contrib/gis/sitemaps/views.py
./python_env/lib/python3.6/site-packages/django/contrib/gis/geometry.py
./python_env/lib/python3.6/site-packages/django/contrib/gis/db/backends/oracle/models.py
./python_env/lib/python3.6/site-packages/django/contrib/gis/db/backends/oracle/adapter.py
./python_env/lib/python3.6/site-packages/django/contrib/gis/db/backends/oracle/__init__.py
./python_env/lib/python3.6/site-packages/django/contrib/gis/db/backends/oracle/features.py
./python_env/lib/python3.6/site-packages/django/contrib/gis/db/backends/oracle/operations.py
./python_env/lib/python3.6/site-packages/django/contrib/gis/db/backends/oracle/introspection.py
./python_env/lib/python3.6/site-packages/django/contrib/gis/db/backends/oracle/base.py
./python_env/lib/python3.6/site-packages/django/contrib/gis/db/backends/oracle/schema.py
./python_env/lib/python3.6/site-packages/django/contrib/gis/db/backends/__init__.py
./python_env/lib/python3.6/site-packages/django/contrib/gis/db/backends/postgis/models.py
./python_env/lib/python3.6/site-packages/django/contrib/gis/db/backends/postgis/adapter.py
./python_env/lib/python3.6/site-packages/django/contrib/gis/db/backends/postgis/pgraster.py
./python_env/lib/python3.6/site-packages/django/contrib/gis/db/backends/postgis/__init__.py
./python_env/lib/python3.6/site-packages/django/contrib/gis/db/backends/postgis/features.py
./python_env/lib/python3.6/site-packages/django/contrib/gis/db/backends/postgis/operations.py
./python_env/lib/python3.6/site-packages/django/contrib/gis/db/backends/postgis/introspection.py
./python_env/lib/python3.6/site-packages/django/contrib/gis/db/backends/postgis/base.py
./python_env/lib/python3.6/site-packages/django/contrib/gis/db/backends/postgis/const.py
./python_env/lib/python3.6/site-packages/django/contrib/gis/db/backends/postgis/schema.py
./python_env/lib/python3.6/site-packages/django/contrib/gis/db/backends/utils.py
./python_env/lib/python3.6/site-packages/django/contrib/gis/db/backends/mysql/__init__.py
./python_env/lib/python3.6/site-packages/django/contrib/gis/db/backends/mysql/features.py
./python_env/lib/python3.6/site-packages/django/contrib/gis/db/backends/mysql/operations.py
./python_env/lib/python3.6/site-packages/django/contrib/gis/db/backends/mysql/introspection.py
./python_env/lib/python3.6/site-packages/django/contrib/gis/db/backends/mysql/base.py
./python_env/lib/python3.6/site-packages/django/contrib/gis/db/backends/mysql/schema.py
./python_env/lib/python3.6/site-packages/django/contrib/gis/db/backends/spatialite/models.py
./python_env/lib/python3.6/site-packages/django/contrib/gis/db/backends/spatialite/adapter.py
./python_env/lib/python3.6/site-packages/django/contrib/gis/db/backends/spatialite/client.py
./python_env/lib/python3.6/site-packages/django/contrib/gis/db/backends/spatialite/__init__.py
./python_env/lib/python3.6/site-packages/django/contrib/gis/db/backends/spatialite/features.py
./python_env/lib/python3.6/site-packages/django/contrib/gis/db/backends/spatialite/operations.py
./python_env/lib/python3.6/site-packages/django/contrib/gis/db/backends/spatialite/introspection.py
./python_env/lib/python3.6/site-packages/django/contrib/gis/db/backends/spatialite/base.py
./python_env/lib/python3.6/site-packages/django/contrib/gis/db/backends/spatialite/schema.py
./python_env/lib/python3.6/site-packages/django/contrib/gis/db/backends/base/models.py
./python_env/lib/python3.6/site-packages/django/contrib/gis/db/backends/base/adapter.py
./python_env/lib/python3.6/site-packages/django/contrib/gis/db/backends/base/__init__.py
./python_env/lib/python3.6/site-packages/django/contrib/gis/db/backends/base/features.py
./python_env/lib/python3.6/site-packages/django/contrib/gis/db/backends/base/operations.py
./python_env/lib/python3.6/site-packages/django/contrib/gis/db/__init__.py
./python_env/lib/python3.6/site-packages/django/contrib/gis/db/models/functions.py
./python_env/lib/python3.6/site-packages/django/contrib/gis/db/models/fields.py
./python_env/lib/python3.6/site-packages/django/contrib/gis/db/models/proxy.py
./python_env/lib/python3.6/site-packages/django/contrib/gis/db/models/__init__.py
./python_env/lib/python3.6/site-packages/django/contrib/gis/db/models/lookups.py
./python_env/lib/python3.6/site-packages/django/contrib/gis/db/models/aggregates.py
./python_env/lib/python3.6/site-packages/django/contrib/gis/db/models/sql/conversion.py
./python_env/lib/python3.6/site-packages/django/contrib/gis/db/models/sql/__init__.py
./python_env/lib/python3.6/site-packages/django/contrib/gis/ptr.py
./python_env/lib/python3.6/site-packages/django/contrib/gis/geoip2/__init__.py
./python_env/lib/python3.6/site-packages/django/contrib/gis/geoip2/resources.py
./python_env/lib/python3.6/site-packages/django/contrib/gis/geoip2/base.py
./python_env/lib/python3.6/site-packages/django/contrib/gis/views.py
./python_env/lib/python3.6/site-packages/django/contrib/admindocs/__init__.py
./python_env/lib/python3.6/site-packages/django/contrib/admindocs/apps.py
./python_env/lib/python3.6/site-packages/django/contrib/admindocs/utils.py
./python_env/lib/python3.6/site-packages/django/contrib/admindocs/urls.py
./python_env/lib/python3.6/site-packages/django/contrib/admindocs/middleware.py
./python_env/lib/python3.6/site-packages/django/contrib/admindocs/views.py
./python_env/lib/python3.6/site-packages/django/http/multipartparser.py
./python_env/lib/python3.6/site-packages/django/http/request.py
./python_env/lib/python3.6/site-packages/django/http/__init__.py
./python_env/lib/python3.6/site-packages/django/http/response.py
./python_env/lib/python3.6/site-packages/django/http/cookie.py
./python_env/lib/python3.6/site-packages/django/urls/resolvers.py
./python_env/lib/python3.6/site-packages/django/urls/conf.py
./python_env/lib/python3.6/site-packages/django/urls/__init__.py
./python_env/lib/python3.6/site-packages/django/urls/utils.py
./python_env/lib/python3.6/site-packages/django/urls/exceptions.py
./python_env/lib/python3.6/site-packages/django/urls/converters.py
./python_env/lib/python3.6/site-packages/django/urls/base.py
./python_env/lib/python3.6/site-packages/django/db/migrations/questioner.py
./python_env/lib/python3.6/site-packages/django/db/migrations/topological_sort.py
./python_env/lib/python3.6/site-packages/django/db/migrations/graph.py
./python_env/lib/python3.6/site-packages/django/db/migrations/recorder.py
./python_env/lib/python3.6/site-packages/django/db/migrations/__init__.py
./python_env/lib/python3.6/site-packages/django/db/migrations/autodetector.py
./python_env/lib/python3.6/site-packages/django/db/migrations/operations/models.py
./python_env/lib/python3.6/site-packages/django/db/migrations/operations/fields.py
./python_env/lib/python3.6/site-packages/django/db/migrations/operations/__init__.py
./python_env/lib/python3.6/site-packages/django/db/migrations/operations/utils.py
./python_env/lib/python3.6/site-packages/django/db/migrations/operations/special.py
./python_env/lib/python3.6/site-packages/django/db/migrations/operations/base.py
./python_env/lib/python3.6/site-packages/django/db/migrations/utils.py
./python_env/lib/python3.6/site-packages/django/db/migrations/loader.py
./python_env/lib/python3.6/site-packages/django/db/migrations/optimizer.py
./python_env/lib/python3.6/site-packages/django/db/migrations/serializer.py
./python_env/lib/python3.6/site-packages/django/db/migrations/exceptions.py
./python_env/lib/python3.6/site-packages/django/db/migrations/writer.py
./python_env/lib/python3.6/site-packages/django/db/migrations/migration.py
./python_env/lib/python3.6/site-packages/django/db/migrations/executor.py
./python_env/lib/python3.6/site-packages/django/db/migrations/state.py
./python_env/lib/python3.6/site-packages/django/db/transaction.py
./python_env/lib/python3.6/site-packages/django/db/backends/postgresql/creation.py
./python_env/lib/python3.6/site-packages/django/db/backends/postgresql/client.py
./python_env/lib/python3.6/site-packages/django/db/backends/postgresql/__init__.py
./python_env/lib/python3.6/site-packages/django/db/backends/postgresql/features.py
./python_env/lib/python3.6/site-packages/django/db/backends/postgresql/operations.py
./python_env/lib/python3.6/site-packages/django/db/backends/postgresql/utils.py
./python_env/lib/python3.6/site-packages/django/db/backends/postgresql/introspection.py
./python_env/lib/python3.6/site-packages/django/db/backends/postgresql/base.py
./python_env/lib/python3.6/site-packages/django/db/backends/postgresql/schema.py
./python_env/lib/python3.6/site-packages/django/db/backends/signals.py
./python_env/lib/python3.6/site-packages/django/db/backends/dummy/__init__.py
./python_env/lib/python3.6/site-packages/django/db/backends/dummy/features.py
./python_env/lib/python3.6/site-packages/django/db/backends/dummy/base.py
./python_env/lib/python3.6/site-packages/django/db/backends/oracle/functions.py
./python_env/lib/python3.6/site-packages/django/db/backends/oracle/compiler.py
./python_env/lib/python3.6/site-packages/django/db/backends/oracle/creation.py
./python_env/lib/python3.6/site-packages/django/db/backends/oracle/client.py
./python_env/lib/python3.6/site-packages/django/db/backends/oracle/__init__.py
./python_env/lib/python3.6/site-packages/django/db/backends/oracle/features.py
./python_env/lib/python3.6/site-packages/django/db/backends/oracle/operations.py
./python_env/lib/python3.6/site-packages/django/db/backends/oracle/utils.py
./python_env/lib/python3.6/site-packages/django/db/backends/oracle/introspection.py
./python_env/lib/python3.6/site-packages/django/db/backends/oracle/base.py
./python_env/lib/python3.6/site-packages/django/db/backends/oracle/schema.py
./python_env/lib/python3.6/site-packages/django/db/backends/oracle/validation.py
./python_env/lib/python3.6/site-packages/django/db/backends/__init__.py
./python_env/lib/python3.6/site-packages/django/db/backends/postgresql_psycopg2/creation.py
./python_env/lib/python3.6/site-packages/django/db/backends/postgresql_psycopg2/client.py
./python_env/lib/python3.6/site-packages/django/db/backends/postgresql_psycopg2/__init__.py
./python_env/lib/python3.6/site-packages/django/db/backends/postgresql_psycopg2/features.py
./python_env/lib/python3.6/site-packages/django/db/backends/postgresql_psycopg2/operations.py
./python_env/lib/python3.6/site-packages/django/db/backends/postgresql_psycopg2/utils.py
./python_env/lib/python3.6/site-packages/django/db/backends/postgresql_psycopg2/introspection.py
./python_env/lib/python3.6/site-packages/django/db/backends/postgresql_psycopg2/base.py
./python_env/lib/python3.6/site-packages/django/db/backends/postgresql_psycopg2/schema.py
./python_env/lib/python3.6/site-packages/django/db/backends/ddl_references.py
./python_env/lib/python3.6/site-packages/django/db/backends/utils.py
./python_env/lib/python3.6/site-packages/django/db/backends/sqlite3/creation.py
./python_env/lib/python3.6/site-packages/django/db/backends/sqlite3/client.py
./python_env/lib/python3.6/site-packages/django/db/backends/sqlite3/__init__.py
./python_env/lib/python3.6/site-packages/django/db/backends/sqlite3/features.py
./python_env/lib/python3.6/site-packages/django/db/backends/sqlite3/operations.py
./python_env/lib/python3.6/site-packages/django/db/backends/sqlite3/introspection.py
./python_env/lib/python3.6/site-packages/django/db/backends/sqlite3/base.py
./python_env/lib/python3.6/site-packages/django/db/backends/sqlite3/schema.py
./python_env/lib/python3.6/site-packages/django/db/backends/mysql/compiler.py
./python_env/lib/python3.6/site-packages/django/db/backends/mysql/creation.py
./python_env/lib/python3.6/site-packages/django/db/backends/mysql/client.py
./python_env/lib/python3.6/site-packages/django/db/backends/mysql/__init__.py
./python_env/lib/python3.6/site-packages/django/db/backends/mysql/features.py
./python_env/lib/python3.6/site-packages/django/db/backends/mysql/operations.py
./python_env/lib/python3.6/site-packages/django/db/backends/mysql/introspection.py
./python_env/lib/python3.6/site-packages/django/db/backends/mysql/base.py
./python_env/lib/python3.6/site-packages/django/db/backends/mysql/schema.py
./python_env/lib/python3.6/site-packages/django/db/backends/mysql/validation.py
./python_env/lib/python3.6/site-packages/django/db/backends/base/creation.py
./python_env/lib/python3.6/site-packages/django/db/backends/base/client.py
./python_env/lib/python3.6/site-packages/django/db/backends/base/__init__.py
./python_env/lib/python3.6/site-packages/django/db/backends/base/features.py
./python_env/lib/python3.6/site-packages/django/db/backends/base/operations.py
./python_env/lib/python3.6/site-packages/django/db/backends/base/introspection.py
./python_env/lib/python3.6/site-packages/django/db/backends/base/base.py
./python_env/lib/python3.6/site-packages/django/db/backends/base/schema.py
./python_env/lib/python3.6/site-packages/django/db/backends/base/validation.py
./python_env/lib/python3.6/site-packages/django/db/__init__.py
./python_env/lib/python3.6/site-packages/django/db/models/options.py
./python_env/lib/python3.6/site-packages/django/db/models/signals.py
./python_env/lib/python3.6/site-packages/django/db/models/query.py
./python_env/lib/python3.6/site-packages/django/db/models/constants.py
./python_env/lib/python3.6/site-packages/django/db/models/expressions.py
./python_env/lib/python3.6/site-packages/django/db/models/__init__.py
./python_env/lib/python3.6/site-packages/django/db/models/lookups.py
./python_env/lib/python3.6/site-packages/django/db/models/indexes.py
./python_env/lib/python3.6/site-packages/django/db/models/utils.py
./python_env/lib/python3.6/site-packages/django/db/models/aggregates.py
./python_env/lib/python3.6/site-packages/django/db/models/deletion.py
./python_env/lib/python3.6/site-packages/django/db/models/functions/window.py
./python_env/lib/python3.6/site-packages/django/db/models/functions/__init__.py
./python_env/lib/python3.6/site-packages/django/db/models/functions/comparison.py
./python_env/lib/python3.6/site-packages/django/db/models/functions/text.py
./python_env/lib/python3.6/site-packages/django/db/models/functions/datetime.py
./python_env/lib/python3.6/site-packages/django/db/models/fields/related_descriptors.py
./python_env/lib/python3.6/site-packages/django/db/models/fields/files.py
./python_env/lib/python3.6/site-packages/django/db/models/fields/mixins.py
./python_env/lib/python3.6/site-packages/django/db/models/fields/related.py
./python_env/lib/python3.6/site-packages/django/db/models/fields/proxy.py
./python_env/lib/python3.6/site-packages/django/db/models/fields/__init__.py
./python_env/lib/python3.6/site-packages/django/db/models/fields/reverse_related.py
./python_env/lib/python3.6/site-packages/django/db/models/fields/related_lookups.py
./python_env/lib/python3.6/site-packages/django/db/models/manager.py
./python_env/lib/python3.6/site-packages/django/db/models/query_utils.py
./python_env/lib/python3.6/site-packages/django/db/models/base.py
./python_env/lib/python3.6/site-packages/django/db/models/sql/compiler.py
./python_env/lib/python3.6/site-packages/django/db/models/sql/query.py
./python_env/lib/python3.6/site-packages/django/db/models/sql/subqueries.py
./python_env/lib/python3.6/site-packages/django/db/models/sql/where.py
./python_env/lib/python3.6/site-packages/django/db/models/sql/constants.py
./python_env/lib/python3.6/site-packages/django/db/models/sql/__init__.py
./python_env/lib/python3.6/site-packages/django/db/models/sql/datastructures.py
./python_env/lib/python3.6/site-packages/django/db/utils.py
./python_env/lib/python3.6/site-packages/django/views/csrf.py
./python_env/lib/python3.6/site-packages/django/views/decorators/clickjacking.py
./python_env/lib/python3.6/site-packages/django/views/decorators/gzip.py
./python_env/lib/python3.6/site-packages/django/views/decorators/csrf.py
./python_env/lib/python3.6/site-packages/django/views/decorators/vary.py
./python_env/lib/python3.6/site-packages/django/views/decorators/cache.py
./python_env/lib/python3.6/site-packages/django/views/decorators/__init__.py
./python_env/lib/python3.6/site-packages/django/views/decorators/debug.py
./python_env/lib/python3.6/site-packages/django/views/decorators/http.py
./python_env/lib/python3.6/site-packages/django/views/__init__.py
./python_env/lib/python3.6/site-packages/django/views/debug.py
./python_env/lib/python3.6/site-packages/django/views/static.py
./python_env/lib/python3.6/site-packages/django/views/defaults.py
./python_env/lib/python3.6/site-packages/django/views/i18n.py
./python_env/lib/python3.6/site-packages/django/views/generic/list.py
./python_env/lib/python3.6/site-packages/django/views/generic/__init__.py
./python_env/lib/python3.6/site-packages/django/views/generic/edit.py
./python_env/lib/python3.6/site-packages/django/views/generic/detail.py
./python_env/lib/python3.6/site-packages/django/views/generic/dates.py
./python_env/lib/python3.6/site-packages/django/views/generic/base.py
./python_env/lib/python3.6/site-packages/django/conf/locale/sl/__init__.py
./python_env/lib/python3.6/site-packages/django/conf/locale/sl/formats.py
./python_env/lib/python3.6/site-packages/django/conf/locale/sk/__init__.py
./python_env/lib/python3.6/site-packages/django/conf/locale/sk/formats.py
./python_env/lib/python3.6/site-packages/django/conf/locale/pl/__init__.py
./python_env/lib/python3.6/site-packages/django/conf/locale/pl/formats.py
./python_env/lib/python3.6/site-packages/django/conf/locale/vi/__init__.py
./python_env/lib/python3.6/site-packages/django/conf/locale/vi/formats.py
./python_env/lib/python3.6/site-packages/django/conf/locale/sq/__init__.py
./python_env/lib/python3.6/site-packages/django/conf/locale/sq/formats.py
./python_env/lib/python3.6/site-packages/django/conf/locale/de_CH/__init__.py
./python_env/lib/python3.6/site-packages/django/conf/locale/de_CH/formats.py
./python_env/lib/python3.6/site-packages/django/conf/locale/sv/__init__.py
./python_env/lib/python3.6/site-packages/django/conf/locale/sv/formats.py
./python_env/lib/python3.6/site-packages/django/conf/locale/ga/__init__.py
./python_env/lib/python3.6/site-packages/django/conf/locale/ga/formats.py
./python_env/lib/python3.6/site-packages/django/conf/locale/he/__init__.py
./python_env/lib/python3.6/site-packages/django/conf/locale/he/formats.py
./python_env/lib/python3.6/site-packages/django/conf/locale/km/__init__.py
./python_env/lib/python3.6/site-packages/django/conf/locale/km/formats.py
./python_env/lib/python3.6/site-packages/django/conf/locale/nn/__init__.py
./python_env/lib/python3.6/site-packages/django/conf/locale/nn/formats.py
./python_env/lib/python3.6/site-packages/django/conf/locale/da/__init__.py
./python_env/lib/python3.6/site-packages/django/conf/locale/da/formats.py
./python_env/lib/python3.6/site-packages/django/conf/locale/es_NI/__init__.py
./python_env/lib/python3.6/site-packages/django/conf/locale/es_NI/formats.py
./python_env/lib/python3.6/site-packages/django/conf/locale/mn/__init__.py
./python_env/lib/python3.6/site-packages/django/conf/locale/mn/formats.py
./python_env/lib/python3.6/site-packages/django/conf/locale/pt_BR/__init__.py
./python_env/lib/python3.6/site-packages/django/conf/locale/pt_BR/formats.py
./python_env/lib/python3.6/site-packages/django/conf/locale/es_CO/__init__.py
./python_env/lib/python3.6/site-packages/django/conf/locale/es_CO/formats.py
./python_env/lib/python3.6/site-packages/django/conf/locale/ja/__init__.py
./python_env/lib/python3.6/site-packages/django/conf/locale/ja/formats.py
./python_env/lib/python3.6/site-packages/django/conf/locale/el/__init__.py
./python_env/lib/python3.6/site-packages/django/conf/locale/el/formats.py
./python_env/lib/python3.6/site-packages/django/conf/locale/lv/__init__.py
./python_env/lib/python3.6/site-packages/django/conf/locale/lv/formats.py
./python_env/lib/python3.6/site-packages/django/conf/locale/fy/__init__.py
./python_env/lib/python3.6/site-packages/django/conf/locale/fy/formats.py
./python_env/lib/python3.6/site-packages/django/conf/locale/it/__init__.py
./python_env/lib/python3.6/site-packages/django/conf/locale/it/formats.py
./python_env/lib/python3.6/site-packages/django/conf/locale/ca/__init__.py
./python_env/lib/python3.6/site-packages/django/conf/locale/ca/formats.py
./python_env/lib/python3.6/site-packages/django/conf/locale/is/__init__.py
./python_env/lib/python3.6/site-packages/django/conf/locale/is/formats.py
./python_env/lib/python3.6/site-packages/django/conf/locale/cs/__init__.py
./python_env/lib/python3.6/site-packages/django/conf/locale/cs/formats.py
./python_env/lib/python3.6/site-packages/django/conf/locale/te/__init__.py
./python_env/lib/python3.6/site-packages/django/conf/locale/te/formats.py
./python_env/lib/python3.6/site-packages/django/conf/locale/zh_Hans/__init__.py
./python_env/lib/python3.6/site-packages/django/conf/locale/zh_Hans/formats.py
./python_env/lib/python3.6/site-packages/django/conf/locale/ru/__init__.py
./python_env/lib/python3.6/site-packages/django/conf/locale/ru/formats.py
./python_env/lib/python3.6/site-packages/django/conf/locale/zh_Hant/__init__.py
./python_env/lib/python3.6/site-packages/django/conf/locale/zh_Hant/formats.py
./python_env/lib/python3.6/site-packages/django/conf/locale/__init__.py
./python_env/lib/python3.6/site-packages/django/conf/locale/ro/__init__.py
./python_env/lib/python3.6/site-packages/django/conf/locale/ro/formats.py
./python_env/lib/python3.6/site-packages/django/conf/locale/pt/__init__.py
./python_env/lib/python3.6/site-packages/django/conf/locale/pt/formats.py
./python_env/lib/python3.6/site-packages/django/conf/locale/uk/__init__.py
./python_env/lib/python3.6/site-packages/django/conf/locale/uk/formats.py
./python_env/lib/python3.6/site-packages/django/conf/locale/sr/__init__.py
./python_env/lib/python3.6/site-packages/django/conf/locale/sr/formats.py
./python_env/lib/python3.6/site-packages/django/conf/locale/en_AU/__init__.py
./python_env/lib/python3.6/site-packages/django/conf/locale/en_AU/formats.py
./python_env/lib/python3.6/site-packages/django/conf/locale/en_GB/__init__.py
./python_env/lib/python3.6/site-packages/django/conf/locale/en_GB/formats.py
./python_env/lib/python3.6/site-packages/django/conf/locale/es_PR/__init__.py
./python_env/lib/python3.6/site-packages/django/conf/locale/es_PR/formats.py
./python_env/lib/python3.6/site-packages/django/conf/locale/ml/__init__.py
./python_env/lib/python3.6/site-packages/django/conf/locale/ml/formats.py
./python_env/lib/python3.6/site-packages/django/conf/locale/es_MX/__init__.py
./python_env/lib/python3.6/site-packages/django/conf/locale/es_MX/formats.py
./python_env/lib/python3.6/site-packages/django/conf/locale/mk/__init__.py
./python_env/lib/python3.6/site-packages/django/conf/locale/mk/formats.py
./python_env/lib/python3.6/site-packages/django/conf/locale/kn/__init__.py
./python_env/lib/python3.6/site-packages/django/conf/locale/kn/formats.py
./python_env/lib/python3.6/site-packages/django/conf/locale/bs/__init__.py
./python_env/lib/python3.6/site-packages/django/conf/locale/bs/formats.py
./python_env/lib/python3.6/site-packages/django/conf/locale/ar/__init__.py
./python_env/lib/python3.6/site-packages/django/conf/locale/ar/formats.py
./python_env/lib/python3.6/site-packages/django/conf/locale/gl/__init__.py
./python_env/lib/python3.6/site-packages/django/conf/locale/gl/formats.py
./python_env/lib/python3.6/site-packages/django/conf/locale/hr/__init__.py
./python_env/lib/python3.6/site-packages/django/conf/locale/hr/formats.py
./python_env/lib/python3.6/site-packages/django/conf/locale/hu/__init__.py
./python_env/lib/python3.6/site-packages/django/conf/locale/hu/formats.py
./python_env/lib/python3.6/site-packages/django/conf/locale/nl/__init__.py
./python_env/lib/python3.6/site-packages/django/conf/locale/nl/formats.py
./python_env/lib/python3.6/site-packages/django/conf/locale/bg/__init__.py
./python_env/lib/python3.6/site-packages/django/conf/locale/bg/formats.py
./python_env/lib/python3.6/site-packages/django/conf/locale/bn/__init__.py
./python_env/lib/python3.6/site-packages/django/conf/locale/bn/formats.py
./python_env/lib/python3.6/site-packages/django/conf/locale/es_AR/__init__.py
./python_env/lib/python3.6/site-packages/django/conf/locale/es_AR/formats.py
./python_env/lib/python3.6/site-packages/django/conf/locale/nb/__init__.py
./python_env/lib/python3.6/site-packages/django/conf/locale/nb/formats.py
./python_env/lib/python3.6/site-packages/django/conf/locale/hi/__init__.py
./python_env/lib/python3.6/site-packages/django/conf/locale/hi/formats.py
./python_env/lib/python3.6/site-packages/django/conf/locale/ka/__init__.py
./python_env/lib/python3.6/site-packages/django/conf/locale/ka/formats.py
./python_env/lib/python3.6/site-packages/django/conf/locale/de/__init__.py
./python_env/lib/python3.6/site-packages/django/conf/locale/de/formats.py
./python_env/lib/python3.6/site-packages/django/conf/locale/az/__init__.py
./python_env/lib/python3.6/site-packages/django/conf/locale/az/formats.py
./python_env/lib/python3.6/site-packages/django/conf/locale/gd/__init__.py
./python_env/lib/python3.6/site-packages/django/conf/locale/gd/formats.py
./python_env/lib/python3.6/site-packages/django/conf/locale/ko/__init__.py
./python_env/lib/python3.6/site-packages/django/conf/locale/ko/formats.py
./python_env/lib/python3.6/site-packages/django/conf/locale/fi/__init__.py
./python_env/lib/python3.6/site-packages/django/conf/locale/fi/formats.py
./python_env/lib/python3.6/site-packages/django/conf/locale/sr_Latn/__init__.py
./python_env/lib/python3.6/site-packages/django/conf/locale/sr_Latn/formats.py
./python_env/lib/python3.6/site-packages/django/conf/locale/eo/__init__.py
./python_env/lib/python3.6/site-packages/django/conf/locale/eo/formats.py
./python_env/lib/python3.6/site-packages/django/conf/locale/id/__init__.py
./python_env/lib/python3.6/site-packages/django/conf/locale/id/formats.py
./python_env/lib/python3.6/site-packages/django/conf/locale/fr/__init__.py
./python_env/lib/python3.6/site-packages/django/conf/locale/fr/formats.py
./python_env/lib/python3.6/site-packages/django/conf/locale/es/__init__.py
./python_env/lib/python3.6/site-packages/django/conf/locale/es/formats.py
./python_env/lib/python3.6/site-packages/django/conf/locale/et/__init__.py
./python_env/lib/python3.6/site-packages/django/conf/locale/et/formats.py
./python_env/lib/python3.6/site-packages/django/conf/locale/en/__init__.py
./python_env/lib/python3.6/site-packages/django/conf/locale/en/formats.py
./python_env/lib/python3.6/site-packages/django/conf/locale/fa/__init__.py
./python_env/lib/python3.6/site-packages/django/conf/locale/fa/formats.py
./python_env/lib/python3.6/site-packages/django/conf/locale/lt/__init__.py
./python_env/lib/python3.6/site-packages/django/conf/locale/lt/formats.py
./python_env/lib/python3.6/site-packages/django/conf/locale/cy/__init__.py
./python_env/lib/python3.6/site-packages/django/conf/locale/cy/formats.py
./python_env/lib/python3.6/site-packages/django/conf/locale/eu/__init__.py
./python_env/lib/python3.6/site-packages/django/conf/locale/eu/formats.py
./python_env/lib/python3.6/site-packages/django/conf/locale/ta/__init__.py
./python_env/lib/python3.6/site-packages/django/conf/locale/ta/formats.py
./python_env/lib/python3.6/site-packages/django/conf/locale/th/__init__.py
./python_env/lib/python3.6/site-packages/django/conf/locale/th/formats.py
./python_env/lib/python3.6/site-packages/django/conf/locale/tr/__init__.py
./python_env/lib/python3.6/site-packages/django/conf/locale/tr/formats.py
./python_env/lib/python3.6/site-packages/django/conf/__init__.py
./python_env/lib/python3.6/site-packages/django/conf/global_settings.py
./python_env/lib/python3.6/site-packages/django/conf/urls/__init__.py
./python_env/lib/python3.6/site-packages/django/conf/urls/static.py
./python_env/lib/python3.6/site-packages/django/conf/urls/i18n.py
./python_env/lib/python3.6/site-packages/django/apps/config.py
./python_env/lib/python3.6/site-packages/django/apps/registry.py
./python_env/lib/python3.6/site-packages/django/apps/__init__.py
./python_env/lib/python3.6/site-packages/django/__main__.py
./Project01/afile.py
./Project03/django_project/authapp/migrations/0002_delete_score.py
./Project03/django_project/authapp/migrations/__init__.py
./Project03/django_project/authapp/migrations/0003_userinfo_time.py
./Project03/django_project/authapp/migrations/0001_initial.py
./Project03/django_project/authapp/models.py
./Project03/django_project/authapp/__init__.py
./Project03/django_project/authapp/apps.py
./Project03/django_project/authapp/admin.py
./Project03/django_project/authapp/tests.py
./Project03/django_project/authapp/urls.py
./Project03/django_project/authapp/views.py
./Project03/django_project/django_project/__init__.py
./Project03/django_project/django_project/settings.py
./Project03/django_project/django_project/urls.py
./Project03/django_project/django_project/wsgi.py
./Project03/django_project/manage.py
